/homes/rcatalini/.conda/envs/mmpose/lib/python3.8/site-packages/mmengine/optim/optimizer/zero_optimizer.py:11: DeprecationWarning: `TorchScript` support for functional optimizers is deprecated and will be removed in a future PyTorch release. Consider using the `torch.compile` optimizer instead.
  from torch.distributed.optim import \
/homes/rcatalini/.conda/envs/mmpose/lib/python3.8/site-packages/mmengine/utils/dl_utils/setup_env.py:46: UserWarning: Setting OMP_NUM_THREADS environment variable for each process to be 1 in default, to avoid your system being overloaded, please further tune the variable for optimal performance in your application as needed.
  warnings.warn(
/homes/rcatalini/.conda/envs/mmpose/lib/python3.8/site-packages/mmengine/utils/dl_utils/setup_env.py:56: UserWarning: Setting MKL_NUM_THREADS environment variable for each process to be 1 in default, to avoid your system being overloaded, please further tune the variable for optimal performance in your application as needed.
  warnings.warn(
/homes/rcatalini/.conda/envs/mmpose/lib/python3.8/site-packages/albumentations/__init__.py:13: UserWarning: A new version of Albumentations is available: 2.0.8 (you have 1.4.18). Upgrade using: pip install -U albumentations. To disable automatic update checks, set the environment variable NO_ALBUMENTATIONS_UPDATE to 1.
  check_for_updates()
02/19 09:04:09 - mmengine - INFO - 
------------------------------------------------------------
System environment:
    sys.platform: linux
    Python: 3.8.20 (default, Oct  3 2024, 15:24:27) [GCC 11.2.0]
    CUDA available: True
    MUSA available: False
    numpy_random_seed: 21
    GPU 0: Quadro RTX 5000
    CUDA_HOME: /homes/admin/spack/opt/spack/linux-ivybridge/cuda-12.6.3-cr3dswdcqnxbg772az4phx3g6qqmegwy
    NVCC: Cuda compilation tools, release 12.6, V12.6.85
    GCC: gcc (Ubuntu 11.4.0-1ubuntu1~22.04) 11.4.0
    PyTorch: 2.4.1+cu121
    PyTorch compiling details: PyTorch built with:
  - GCC 9.3
  - C++ Version: 201703
  - Intel(R) oneAPI Math Kernel Library Version 2022.2-Product Build 20220804 for Intel(R) 64 architecture applications
  - Intel(R) MKL-DNN v3.4.2 (Git Hash 1137e04ec0b5251ca2b4400a4fd3c667ce843d67)
  - OpenMP 201511 (a.k.a. OpenMP 4.5)
  - LAPACK is enabled (usually provided by MKL)
  - NNPACK is enabled
  - CPU capability usage: AVX512
  - CUDA Runtime 12.1
  - NVCC architecture flags: -gencode;arch=compute_50,code=sm_50;-gencode;arch=compute_60,code=sm_60;-gencode;arch=compute_70,code=sm_70;-gencode;arch=compute_75,code=sm_75;-gencode;arch=compute_80,code=sm_80;-gencode;arch=compute_86,code=sm_86;-gencode;arch=compute_90,code=sm_90
  - CuDNN 90.1  (built against CUDA 12.4)
  - Magma 2.6.1
  - Build settings: BLAS_INFO=mkl, BUILD_TYPE=Release, CUDA_VERSION=12.1, CUDNN_VERSION=9.1.0, CXX_COMPILER=/opt/rh/devtoolset-9/root/usr/bin/c++, CXX_FLAGS= -D_GLIBCXX_USE_CXX11_ABI=0 -fabi-version=11 -fvisibility-inlines-hidden -DUSE_PTHREADPOOL -DNDEBUG -DUSE_KINETO -DLIBKINETO_NOROCTRACER -DUSE_FBGEMM -DUSE_PYTORCH_QNNPACK -DUSE_XNNPACK -DSYMBOLICATE_MOBILE_DEBUG_HANDLE -O2 -fPIC -Wall -Wextra -Werror=return-type -Werror=non-virtual-dtor -Werror=bool-operation -Wnarrowing -Wno-missing-field-initializers -Wno-type-limits -Wno-array-bounds -Wno-unknown-pragmas -Wno-unused-parameter -Wno-unused-function -Wno-unused-result -Wno-strict-overflow -Wno-strict-aliasing -Wno-stringop-overflow -Wsuggest-override -Wno-psabi -Wno-error=pedantic -Wno-error=old-style-cast -Wno-missing-braces -fdiagnostics-color=always -faligned-new -Wno-unused-but-set-variable -Wno-maybe-uninitialized -fno-math-errno -fno-trapping-math -Werror=format -Wno-stringop-overflow, LAPACK_INFO=mkl, PERF_WITH_AVX=1, PERF_WITH_AVX2=1, PERF_WITH_AVX512=1, TORCH_VERSION=2.4.1, USE_CUDA=ON, USE_CUDNN=ON, USE_CUSPARSELT=1, USE_EXCEPTION_PTR=1, USE_GFLAGS=OFF, USE_GLOG=OFF, USE_GLOO=ON, USE_MKL=ON, USE_MKLDNN=ON, USE_MPI=OFF, USE_NCCL=1, USE_NNPACK=ON, USE_OPENMP=ON, USE_ROCM=OFF, USE_ROCM_KERNEL_ASSERT=OFF, 

    TorchVision: 0.19.1+cu121
    OpenCV: 4.13.0
    MMEngine: 0.10.7

Runtime environment:
    cudnn_benchmark: False
    mp_cfg: {'mp_start_method': 'fork', 'opencv_num_threads': 0}
    dist_cfg: {'backend': 'nccl'}
    seed: 21
    Distributed launcher: slurm
    Distributed training: True
    GPU number: 1
------------------------------------------------------------

02/19 09:04:09 - mmengine - INFO - Config:
auto_scale_lr = dict(base_batch_size=64)
backend_args = dict(backend='local')
base_lr = 0.004
codec = dict(
    input_size=(
        192,
        256,
    ),
    normalize=False,
    sigma=(
        4.9,
        5.66,
    ),
    simcc_split_ratio=2.0,
    type='SimCCLabel',
    use_dark=False)
cudnn_benchmark = True
custom_hooks = [
    dict(
        ema_type='ExpMomentumEMA',
        momentum=0.0002,
        priority=49,
        type='EMAHook',
        update_buffers=True),
]
data_mode = 'topdown'
data_root = '../exo_dataset/'
dataset_type = 'RobotDataset'
default_hooks = dict(
    badcase=dict(
        _scope_='mmpose',
        badcase_thr=5,
        enable=False,
        metric_type='loss',
        out_dir='badcase',
        type='BadCaseAnalysisHook'),
    checkpoint=dict(
        _scope_='mmpose',
        interval=1,
        max_keep_ckpts=10,
        rule='greater',
        save_best='coco/AP',
        type='CheckpointHook'),
    logger=dict(_scope_='mmpose', interval=50, type='LoggerHook'),
    param_scheduler=dict(_scope_='mmpose', type='ParamSchedulerHook'),
    sampler_seed=dict(_scope_='mmpose', type='DistSamplerSeedHook'),
    timer=dict(_scope_='mmpose', type='IterTimerHook'),
    visualization=dict(
        _scope_='mmpose', enable=False, type='PoseVisualizationHook'))
default_scope = 'mmpose'
env_cfg = dict(
    cudnn_benchmark=False,
    dist_cfg=dict(backend='nccl'),
    mp_cfg=dict(mp_start_method='fork', opencv_num_threads=0))
launcher = 'slurm'
load_from = None
log_level = 'INFO'
log_processor = dict(
    _scope_='mmpose',
    by_epoch=True,
    num_digits=6,
    type='LogProcessor',
    window_size=50)
max_epochs = 10
model = dict(
    backbone=dict(
        _scope_='mmdet',
        act_cfg=dict(type='SiLU'),
        arch='P5',
        channel_attention=True,
        deepen_factor=1.0,
        expand_ratio=0.5,
        init_cfg=dict(
            checkpoint=
            'https://download.openmmlab.com/mmpose/v1/projects/rtmposev1/cspnext-l_udp-aic-coco_210e-256x192-273b7631_20230130.pth',
            prefix='backbone.',
            type='Pretrained'),
        norm_cfg=dict(type='SyncBN'),
        out_indices=(4, ),
        type='CSPNeXt',
        widen_factor=1.0),
    data_preprocessor=dict(
        bgr_to_rgb=True,
        mean=[
            123.675,
            116.28,
            103.53,
        ],
        std=[
            58.395,
            57.12,
            57.375,
        ],
        type='PoseDataPreprocessor'),
    head=dict(
        decoder=dict(
            input_size=(
                192,
                256,
            ),
            normalize=False,
            sigma=(
                4.9,
                5.66,
            ),
            simcc_split_ratio=2.0,
            type='SimCCLabel',
            use_dark=False),
        final_layer_kernel_size=7,
        gau_cfg=dict(
            act_fn='SiLU',
            drop_path=0.0,
            dropout_rate=0.0,
            expansion_factor=2,
            hidden_dims=256,
            pos_enc=False,
            s=128,
            use_rel_bias=False),
        in_channels=1024,
        in_featuremap_size=(
            6,
            8,
        ),
        input_size=(
            192,
            256,
        ),
        loss=dict(
            beta=10.0,
            label_softmax=True,
            type='KLDiscretLoss',
            use_target_weight=True),
        out_channels=14,
        simcc_split_ratio=2.0,
        type='RTMCCHead'),
    test_cfg=dict(flip_test=True),
    type='TopdownPoseEstimator')
optim_wrapper = dict(
    optimizer=dict(lr=0.004, type='AdamW', weight_decay=0.05),
    paramwise_cfg=dict(
        bias_decay_mult=0, bypass_duplicate=True, norm_decay_mult=0),
    type='OptimWrapper')
param_scheduler = [
    dict(
        begin=0, by_epoch=False, end=1000, start_factor=1e-05,
        type='LinearLR'),
    dict(
        T_max=5,
        begin=5,
        by_epoch=True,
        convert_to_iter_based=True,
        end=10,
        eta_min=0.0002,
        type='CosineAnnealingLR'),
]
randomness = dict(seed=21)
resume = False
test_cfg = dict()
test_dataloader = dict(
    batch_size=64,
    dataset=dict(
        ann_file='test_coco_pose.json',
        data_root='../exo_dataset/',
        metainfo=dict(from_file='configs/_base_/datasets/robot_dataset.py'),
        pipeline=[
            dict(backend_args=dict(backend='local'), type='LoadImage'),
            dict(type='GetBBoxCenterScale'),
            dict(input_size=(
                192,
                256,
            ), type='TopdownAffine'),
            dict(type='PackPoseInputs'),
        ],
        test_mode=True,
        type='RobotDataset'),
    drop_last=False,
    num_workers=8,
    persistent_workers=True,
    pin_memory=True,
    sampler=dict(round_up=False, shuffle=False, type='DefaultSampler'))
test_evaluator = dict(
    ann_file='../exo_dataset/test_coco_pose.json', type='CocoMetric')
train_cfg = dict(by_epoch=True, max_epochs=10, val_interval=1)
train_dataloader = dict(
    batch_size=64,
    dataset=dict(
        ann_file='train_coco_pose.json',
        data_root='../exo_dataset/',
        metainfo=dict(from_file='configs/_base_/datasets/robot_dataset.py'),
        pipeline=[
            dict(backend_args=dict(backend='local'), type='LoadImage'),
            dict(type='GetBBoxCenterScale'),
            dict(direction='horizontal', type='RandomFlip'),
            dict(input_size=(
                192,
                256,
            ), type='TopdownAffine'),
            dict(
                encoder=dict(
                    input_size=(
                        192,
                        256,
                    ),
                    normalize=False,
                    sigma=(
                        4.9,
                        5.66,
                    ),
                    simcc_split_ratio=2.0,
                    type='SimCCLabel',
                    use_dark=False),
                type='GenerateTarget'),
            dict(type='PackPoseInputs'),
        ],
        test_mode=False,
        type='RobotDataset'),
    num_workers=8,
    persistent_workers=True,
    pin_memory=True,
    sampler=dict(shuffle=True, type='DefaultSampler'))
train_pipeline = [
    dict(backend_args=dict(backend='local'), type='LoadImage'),
    dict(type='GetBBoxCenterScale'),
    dict(direction='horizontal', type='RandomFlip'),
    dict(input_size=(
        192,
        256,
    ), type='TopdownAffine'),
    dict(
        encoder=dict(
            input_size=(
                192,
                256,
            ),
            normalize=False,
            sigma=(
                4.9,
                5.66,
            ),
            simcc_split_ratio=2.0,
            type='SimCCLabel',
            use_dark=False),
        type='GenerateTarget'),
    dict(type='PackPoseInputs'),
]
train_pipeline_stage2 = [
    dict(backend_args=dict(backend='local'), type='LoadImage'),
    dict(type='GetBBoxCenterScale'),
    dict(direction='horizontal', type='RandomFlip'),
    dict(input_size=(
        192,
        256,
    ), type='TopdownAffine'),
    dict(
        encoder=dict(
            input_size=(
                192,
                256,
            ),
            normalize=False,
            sigma=(
                4.9,
                5.66,
            ),
            simcc_split_ratio=2.0,
            type='SimCCLabel',
            use_dark=False),
        type='GenerateTarget'),
    dict(type='PackPoseInputs'),
]
val_cfg = dict()
val_dataloader = dict(
    batch_size=64,
    dataset=dict(
        ann_file='val_coco_pose.json',
        data_root='../exo_dataset/',
        metainfo=dict(from_file='configs/_base_/datasets/robot_dataset.py'),
        pipeline=[
            dict(backend_args=dict(backend='local'), type='LoadImage'),
            dict(type='GetBBoxCenterScale'),
            dict(input_size=(
                192,
                256,
            ), type='TopdownAffine'),
            dict(type='PackPoseInputs'),
        ],
        test_mode=True,
        type='RobotDataset'),
    drop_last=False,
    num_workers=8,
    persistent_workers=True,
    pin_memory=True,
    sampler=dict(round_up=False, shuffle=False, type='DefaultSampler'))
val_evaluator = dict(
    ann_file='../exo_dataset/test_coco_pose.json', type='CocoMetric')
val_pipeline = [
    dict(backend_args=dict(backend='local'), type='LoadImage'),
    dict(type='GetBBoxCenterScale'),
    dict(input_size=(
        192,
        256,
    ), type='TopdownAffine'),
    dict(type='PackPoseInputs'),
]
vis_backends = [
    dict(_scope_='mmpose', type='LocalVisBackend'),
]
visualizer = dict(
    _scope_='mmpose',
    name='visualizer',
    type='PoseLocalVisualizer',
    vis_backends=[
        dict(type='LocalVisBackend'),
    ])
work_dir = './baselines/RTMPose/'

02/19 09:04:11 - mmengine - INFO - Hooks will be executed in the following order:
before_run:
(VERY_HIGH   ) RuntimeInfoHook                    
(49          ) EMAHook                            
(BELOW_NORMAL) LoggerHook                         
 -------------------- 
after_load_checkpoint:
(49          ) EMAHook                            
 -------------------- 
before_train:
(VERY_HIGH   ) RuntimeInfoHook                    
(49          ) EMAHook                            
(NORMAL      ) IterTimerHook                      
(VERY_LOW    ) CheckpointHook                     
 -------------------- 
before_train_epoch:
(VERY_HIGH   ) RuntimeInfoHook                    
(NORMAL      ) IterTimerHook                      
(NORMAL      ) DistSamplerSeedHook                
 -------------------- 
before_train_iter:
(VERY_HIGH   ) RuntimeInfoHook                    
(NORMAL      ) IterTimerHook                      
 -------------------- 
after_train_iter:
(VERY_HIGH   ) RuntimeInfoHook                    
(49          ) EMAHook                            
(NORMAL      ) IterTimerHook                      
(BELOW_NORMAL) LoggerHook                         
(LOW         ) ParamSchedulerHook                 
(VERY_LOW    ) CheckpointHook                     
 -------------------- 
after_train_epoch:
(NORMAL      ) IterTimerHook                      
(LOW         ) ParamSchedulerHook                 
(VERY_LOW    ) CheckpointHook                     
 -------------------- 
before_val:
(VERY_HIGH   ) RuntimeInfoHook                    
 -------------------- 
before_val_epoch:
(49          ) EMAHook                            
(NORMAL      ) IterTimerHook                      
 -------------------- 
before_val_iter:
(NORMAL      ) IterTimerHook                      
 -------------------- 
after_val_iter:
(NORMAL      ) IterTimerHook                      
(NORMAL      ) PoseVisualizationHook              
(BELOW_NORMAL) LoggerHook                         
 -------------------- 
after_val_epoch:
(VERY_HIGH   ) RuntimeInfoHook                    
(49          ) EMAHook                            
(NORMAL      ) IterTimerHook                      
(BELOW_NORMAL) LoggerHook                         
(LOW         ) ParamSchedulerHook                 
(VERY_LOW    ) CheckpointHook                     
 -------------------- 
after_val:
(VERY_HIGH   ) RuntimeInfoHook                    
 -------------------- 
before_save_checkpoint:
(49          ) EMAHook                            
 -------------------- 
after_train:
(VERY_HIGH   ) RuntimeInfoHook                    
(VERY_LOW    ) CheckpointHook                     
 -------------------- 
before_test:
(VERY_HIGH   ) RuntimeInfoHook                    
 -------------------- 
before_test_epoch:
(49          ) EMAHook                            
(NORMAL      ) IterTimerHook                      
 -------------------- 
before_test_iter:
(NORMAL      ) IterTimerHook                      
 -------------------- 
after_test_iter:
(NORMAL      ) IterTimerHook                      
(NORMAL      ) PoseVisualizationHook              
(NORMAL      ) BadCaseAnalysisHook                
(BELOW_NORMAL) LoggerHook                         
 -------------------- 
after_test_epoch:
(VERY_HIGH   ) RuntimeInfoHook                    
(49          ) EMAHook                            
(NORMAL      ) IterTimerHook                      
(NORMAL      ) BadCaseAnalysisHook                
(BELOW_NORMAL) LoggerHook                         
 -------------------- 
after_test:
(VERY_HIGH   ) RuntimeInfoHook                    
 -------------------- 
after_run:
(BELOW_NORMAL) LoggerHook                         
 -------------------- 
loading annotations into memory...
Done (t=32.18s)
creating index...
index created!
02/19 09:06:19 - mmengine - INFO - paramwise_options -- backbone.stem.0.bn.weight:weight_decay=0.0
02/19 09:06:19 - mmengine - INFO - paramwise_options -- backbone.stem.0.bn.bias:weight_decay=0.0
02/19 09:06:19 - mmengine - INFO - paramwise_options -- backbone.stem.1.bn.weight:weight_decay=0.0
02/19 09:06:19 - mmengine - INFO - paramwise_options -- backbone.stem.1.bn.bias:weight_decay=0.0
02/19 09:06:19 - mmengine - INFO - paramwise_options -- backbone.stem.2.bn.weight:weight_decay=0.0
02/19 09:06:19 - mmengine - INFO - paramwise_options -- backbone.stem.2.bn.bias:weight_decay=0.0
02/19 09:06:19 - mmengine - INFO - paramwise_options -- backbone.stage1.0.bn.weight:weight_decay=0.0
02/19 09:06:19 - mmengine - INFO - paramwise_options -- backbone.stage1.0.bn.bias:weight_decay=0.0
02/19 09:06:19 - mmengine - INFO - paramwise_options -- backbone.stage1.1.main_conv.bn.weight:weight_decay=0.0
02/19 09:06:19 - mmengine - INFO - paramwise_options -- backbone.stage1.1.main_conv.bn.bias:weight_decay=0.0
02/19 09:06:19 - mmengine - INFO - paramwise_options -- backbone.stage1.1.short_conv.bn.weight:weight_decay=0.0
02/19 09:06:19 - mmengine - INFO - paramwise_options -- backbone.stage1.1.short_conv.bn.bias:weight_decay=0.0
02/19 09:06:19 - mmengine - INFO - paramwise_options -- backbone.stage1.1.final_conv.bn.weight:weight_decay=0.0
02/19 09:06:19 - mmengine - INFO - paramwise_options -- backbone.stage1.1.final_conv.bn.bias:weight_decay=0.0
02/19 09:06:19 - mmengine - INFO - paramwise_options -- backbone.stage1.1.blocks.0.conv1.bn.weight:weight_decay=0.0
02/19 09:06:19 - mmengine - INFO - paramwise_options -- backbone.stage1.1.blocks.0.conv1.bn.bias:weight_decay=0.0
02/19 09:06:19 - mmengine - INFO - paramwise_options -- backbone.stage1.1.blocks.0.conv2.depthwise_conv.bn.weight:weight_decay=0.0
02/19 09:06:19 - mmengine - INFO - paramwise_options -- backbone.stage1.1.blocks.0.conv2.depthwise_conv.bn.bias:weight_decay=0.0
02/19 09:06:19 - mmengine - INFO - paramwise_options -- backbone.stage1.1.blocks.0.conv2.pointwise_conv.bn.weight:weight_decay=0.0
02/19 09:06:19 - mmengine - INFO - paramwise_options -- backbone.stage1.1.blocks.0.conv2.pointwise_conv.bn.bias:weight_decay=0.0
02/19 09:06:19 - mmengine - INFO - paramwise_options -- backbone.stage1.1.blocks.1.conv1.bn.weight:weight_decay=0.0
02/19 09:06:19 - mmengine - INFO - paramwise_options -- backbone.stage1.1.blocks.1.conv1.bn.bias:weight_decay=0.0
02/19 09:06:19 - mmengine - INFO - paramwise_options -- backbone.stage1.1.blocks.1.conv2.depthwise_conv.bn.weight:weight_decay=0.0
02/19 09:06:19 - mmengine - INFO - paramwise_options -- backbone.stage1.1.blocks.1.conv2.depthwise_conv.bn.bias:weight_decay=0.0
02/19 09:06:19 - mmengine - INFO - paramwise_options -- backbone.stage1.1.blocks.1.conv2.pointwise_conv.bn.weight:weight_decay=0.0
02/19 09:06:19 - mmengine - INFO - paramwise_options -- backbone.stage1.1.blocks.1.conv2.pointwise_conv.bn.bias:weight_decay=0.0
02/19 09:06:19 - mmengine - INFO - paramwise_options -- backbone.stage1.1.blocks.2.conv1.bn.weight:weight_decay=0.0
02/19 09:06:19 - mmengine - INFO - paramwise_options -- backbone.stage1.1.blocks.2.conv1.bn.bias:weight_decay=0.0
02/19 09:06:19 - mmengine - INFO - paramwise_options -- backbone.stage1.1.blocks.2.conv2.depthwise_conv.bn.weight:weight_decay=0.0
02/19 09:06:19 - mmengine - INFO - paramwise_options -- backbone.stage1.1.blocks.2.conv2.depthwise_conv.bn.bias:weight_decay=0.0
02/19 09:06:19 - mmengine - INFO - paramwise_options -- backbone.stage1.1.blocks.2.conv2.pointwise_conv.bn.weight:weight_decay=0.0
02/19 09:06:19 - mmengine - INFO - paramwise_options -- backbone.stage1.1.blocks.2.conv2.pointwise_conv.bn.bias:weight_decay=0.0
02/19 09:06:19 - mmengine - INFO - paramwise_options -- backbone.stage1.1.attention.fc.bias:weight_decay=0.0
02/19 09:06:19 - mmengine - INFO - paramwise_options -- backbone.stage2.0.bn.weight:weight_decay=0.0
02/19 09:06:19 - mmengine - INFO - paramwise_options -- backbone.stage2.0.bn.bias:weight_decay=0.0
02/19 09:06:19 - mmengine - INFO - paramwise_options -- backbone.stage2.1.main_conv.bn.weight:weight_decay=0.0
02/19 09:06:19 - mmengine - INFO - paramwise_options -- backbone.stage2.1.main_conv.bn.bias:weight_decay=0.0
02/19 09:06:19 - mmengine - INFO - paramwise_options -- backbone.stage2.1.short_conv.bn.weight:weight_decay=0.0
02/19 09:06:19 - mmengine - INFO - paramwise_options -- backbone.stage2.1.short_conv.bn.bias:weight_decay=0.0
02/19 09:06:19 - mmengine - INFO - paramwise_options -- backbone.stage2.1.final_conv.bn.weight:weight_decay=0.0
02/19 09:06:19 - mmengine - INFO - paramwise_options -- backbone.stage2.1.final_conv.bn.bias:weight_decay=0.0
02/19 09:06:19 - mmengine - INFO - paramwise_options -- backbone.stage2.1.blocks.0.conv1.bn.weight:weight_decay=0.0
02/19 09:06:19 - mmengine - INFO - paramwise_options -- backbone.stage2.1.blocks.0.conv1.bn.bias:weight_decay=0.0
02/19 09:06:19 - mmengine - INFO - paramwise_options -- backbone.stage2.1.blocks.0.conv2.depthwise_conv.bn.weight:weight_decay=0.0
02/19 09:06:19 - mmengine - INFO - paramwise_options -- backbone.stage2.1.blocks.0.conv2.depthwise_conv.bn.bias:weight_decay=0.0
02/19 09:06:19 - mmengine - INFO - paramwise_options -- backbone.stage2.1.blocks.0.conv2.pointwise_conv.bn.weight:weight_decay=0.0
02/19 09:06:19 - mmengine - INFO - paramwise_options -- backbone.stage2.1.blocks.0.conv2.pointwise_conv.bn.bias:weight_decay=0.0
02/19 09:06:19 - mmengine - INFO - paramwise_options -- backbone.stage2.1.blocks.1.conv1.bn.weight:weight_decay=0.0
02/19 09:06:19 - mmengine - INFO - paramwise_options -- backbone.stage2.1.blocks.1.conv1.bn.bias:weight_decay=0.0
02/19 09:06:19 - mmengine - INFO - paramwise_options -- backbone.stage2.1.blocks.1.conv2.depthwise_conv.bn.weight:weight_decay=0.0
02/19 09:06:19 - mmengine - INFO - paramwise_options -- backbone.stage2.1.blocks.1.conv2.depthwise_conv.bn.bias:weight_decay=0.0
02/19 09:06:19 - mmengine - INFO - paramwise_options -- backbone.stage2.1.blocks.1.conv2.pointwise_conv.bn.weight:weight_decay=0.0
02/19 09:06:19 - mmengine - INFO - paramwise_options -- backbone.stage2.1.blocks.1.conv2.pointwise_conv.bn.bias:weight_decay=0.0
02/19 09:06:19 - mmengine - INFO - paramwise_options -- backbone.stage2.1.blocks.2.conv1.bn.weight:weight_decay=0.0
02/19 09:06:19 - mmengine - INFO - paramwise_options -- backbone.stage2.1.blocks.2.conv1.bn.bias:weight_decay=0.0
02/19 09:06:19 - mmengine - INFO - paramwise_options -- backbone.stage2.1.blocks.2.conv2.depthwise_conv.bn.weight:weight_decay=0.0
02/19 09:06:19 - mmengine - INFO - paramwise_options -- backbone.stage2.1.blocks.2.conv2.depthwise_conv.bn.bias:weight_decay=0.0
02/19 09:06:19 - mmengine - INFO - paramwise_options -- backbone.stage2.1.blocks.2.conv2.pointwise_conv.bn.weight:weight_decay=0.0
02/19 09:06:19 - mmengine - INFO - paramwise_options -- backbone.stage2.1.blocks.2.conv2.pointwise_conv.bn.bias:weight_decay=0.0
02/19 09:06:19 - mmengine - INFO - paramwise_options -- backbone.stage2.1.blocks.3.conv1.bn.weight:weight_decay=0.0
02/19 09:06:19 - mmengine - INFO - paramwise_options -- backbone.stage2.1.blocks.3.conv1.bn.bias:weight_decay=0.0
02/19 09:06:19 - mmengine - INFO - paramwise_options -- backbone.stage2.1.blocks.3.conv2.depthwise_conv.bn.weight:weight_decay=0.0
02/19 09:06:19 - mmengine - INFO - paramwise_options -- backbone.stage2.1.blocks.3.conv2.depthwise_conv.bn.bias:weight_decay=0.0
02/19 09:06:19 - mmengine - INFO - paramwise_options -- backbone.stage2.1.blocks.3.conv2.pointwise_conv.bn.weight:weight_decay=0.0
02/19 09:06:19 - mmengine - INFO - paramwise_options -- backbone.stage2.1.blocks.3.conv2.pointwise_conv.bn.bias:weight_decay=0.0
02/19 09:06:19 - mmengine - INFO - paramwise_options -- backbone.stage2.1.blocks.4.conv1.bn.weight:weight_decay=0.0
02/19 09:06:19 - mmengine - INFO - paramwise_options -- backbone.stage2.1.blocks.4.conv1.bn.bias:weight_decay=0.0
02/19 09:06:19 - mmengine - INFO - paramwise_options -- backbone.stage2.1.blocks.4.conv2.depthwise_conv.bn.weight:weight_decay=0.0
02/19 09:06:19 - mmengine - INFO - paramwise_options -- backbone.stage2.1.blocks.4.conv2.depthwise_conv.bn.bias:weight_decay=0.0
02/19 09:06:19 - mmengine - INFO - paramwise_options -- backbone.stage2.1.blocks.4.conv2.pointwise_conv.bn.weight:weight_decay=0.0
02/19 09:06:19 - mmengine - INFO - paramwise_options -- backbone.stage2.1.blocks.4.conv2.pointwise_conv.bn.bias:weight_decay=0.0
02/19 09:06:19 - mmengine - INFO - paramwise_options -- backbone.stage2.1.blocks.5.conv1.bn.weight:weight_decay=0.0
02/19 09:06:19 - mmengine - INFO - paramwise_options -- backbone.stage2.1.blocks.5.conv1.bn.bias:weight_decay=0.0
02/19 09:06:19 - mmengine - INFO - paramwise_options -- backbone.stage2.1.blocks.5.conv2.depthwise_conv.bn.weight:weight_decay=0.0
02/19 09:06:19 - mmengine - INFO - paramwise_options -- backbone.stage2.1.blocks.5.conv2.depthwise_conv.bn.bias:weight_decay=0.0
02/19 09:06:19 - mmengine - INFO - paramwise_options -- backbone.stage2.1.blocks.5.conv2.pointwise_conv.bn.weight:weight_decay=0.0
02/19 09:06:19 - mmengine - INFO - paramwise_options -- backbone.stage2.1.blocks.5.conv2.pointwise_conv.bn.bias:weight_decay=0.0
02/19 09:06:19 - mmengine - INFO - paramwise_options -- backbone.stage2.1.attention.fc.bias:weight_decay=0.0
02/19 09:06:19 - mmengine - INFO - paramwise_options -- backbone.stage3.0.bn.weight:weight_decay=0.0
02/19 09:06:19 - mmengine - INFO - paramwise_options -- backbone.stage3.0.bn.bias:weight_decay=0.0
02/19 09:06:19 - mmengine - INFO - paramwise_options -- backbone.stage3.1.main_conv.bn.weight:weight_decay=0.0
02/19 09:06:19 - mmengine - INFO - paramwise_options -- backbone.stage3.1.main_conv.bn.bias:weight_decay=0.0
02/19 09:06:19 - mmengine - INFO - paramwise_options -- backbone.stage3.1.short_conv.bn.weight:weight_decay=0.0
02/19 09:06:19 - mmengine - INFO - paramwise_options -- backbone.stage3.1.short_conv.bn.bias:weight_decay=0.0
02/19 09:06:19 - mmengine - INFO - paramwise_options -- backbone.stage3.1.final_conv.bn.weight:weight_decay=0.0
02/19 09:06:19 - mmengine - INFO - paramwise_options -- backbone.stage3.1.final_conv.bn.bias:weight_decay=0.0
02/19 09:06:19 - mmengine - INFO - paramwise_options -- backbone.stage3.1.blocks.0.conv1.bn.weight:weight_decay=0.0
02/19 09:06:19 - mmengine - INFO - paramwise_options -- backbone.stage3.1.blocks.0.conv1.bn.bias:weight_decay=0.0
02/19 09:06:19 - mmengine - INFO - paramwise_options -- backbone.stage3.1.blocks.0.conv2.depthwise_conv.bn.weight:weight_decay=0.0
02/19 09:06:19 - mmengine - INFO - paramwise_options -- backbone.stage3.1.blocks.0.conv2.depthwise_conv.bn.bias:weight_decay=0.0
02/19 09:06:19 - mmengine - INFO - paramwise_options -- backbone.stage3.1.blocks.0.conv2.pointwise_conv.bn.weight:weight_decay=0.0
02/19 09:06:19 - mmengine - INFO - paramwise_options -- backbone.stage3.1.blocks.0.conv2.pointwise_conv.bn.bias:weight_decay=0.0
02/19 09:06:19 - mmengine - INFO - paramwise_options -- backbone.stage3.1.blocks.1.conv1.bn.weight:weight_decay=0.0
02/19 09:06:19 - mmengine - INFO - paramwise_options -- backbone.stage3.1.blocks.1.conv1.bn.bias:weight_decay=0.0
02/19 09:06:19 - mmengine - INFO - paramwise_options -- backbone.stage3.1.blocks.1.conv2.depthwise_conv.bn.weight:weight_decay=0.0
02/19 09:06:19 - mmengine - INFO - paramwise_options -- backbone.stage3.1.blocks.1.conv2.depthwise_conv.bn.bias:weight_decay=0.0
02/19 09:06:19 - mmengine - INFO - paramwise_options -- backbone.stage3.1.blocks.1.conv2.pointwise_conv.bn.weight:weight_decay=0.0
02/19 09:06:19 - mmengine - INFO - paramwise_options -- backbone.stage3.1.blocks.1.conv2.pointwise_conv.bn.bias:weight_decay=0.0
02/19 09:06:19 - mmengine - INFO - paramwise_options -- backbone.stage3.1.blocks.2.conv1.bn.weight:weight_decay=0.0
02/19 09:06:19 - mmengine - INFO - paramwise_options -- backbone.stage3.1.blocks.2.conv1.bn.bias:weight_decay=0.0
02/19 09:06:19 - mmengine - INFO - paramwise_options -- backbone.stage3.1.blocks.2.conv2.depthwise_conv.bn.weight:weight_decay=0.0
02/19 09:06:19 - mmengine - INFO - paramwise_options -- backbone.stage3.1.blocks.2.conv2.depthwise_conv.bn.bias:weight_decay=0.0
02/19 09:06:19 - mmengine - INFO - paramwise_options -- backbone.stage3.1.blocks.2.conv2.pointwise_conv.bn.weight:weight_decay=0.0
02/19 09:06:19 - mmengine - INFO - paramwise_options -- backbone.stage3.1.blocks.2.conv2.pointwise_conv.bn.bias:weight_decay=0.0
02/19 09:06:19 - mmengine - INFO - paramwise_options -- backbone.stage3.1.blocks.3.conv1.bn.weight:weight_decay=0.0
02/19 09:06:19 - mmengine - INFO - paramwise_options -- backbone.stage3.1.blocks.3.conv1.bn.bias:weight_decay=0.0
02/19 09:06:19 - mmengine - INFO - paramwise_options -- backbone.stage3.1.blocks.3.conv2.depthwise_conv.bn.weight:weight_decay=0.0
02/19 09:06:19 - mmengine - INFO - paramwise_options -- backbone.stage3.1.blocks.3.conv2.depthwise_conv.bn.bias:weight_decay=0.0
02/19 09:06:19 - mmengine - INFO - paramwise_options -- backbone.stage3.1.blocks.3.conv2.pointwise_conv.bn.weight:weight_decay=0.0
02/19 09:06:19 - mmengine - INFO - paramwise_options -- backbone.stage3.1.blocks.3.conv2.pointwise_conv.bn.bias:weight_decay=0.0
02/19 09:06:19 - mmengine - INFO - paramwise_options -- backbone.stage3.1.blocks.4.conv1.bn.weight:weight_decay=0.0
02/19 09:06:19 - mmengine - INFO - paramwise_options -- backbone.stage3.1.blocks.4.conv1.bn.bias:weight_decay=0.0
02/19 09:06:19 - mmengine - INFO - paramwise_options -- backbone.stage3.1.blocks.4.conv2.depthwise_conv.bn.weight:weight_decay=0.0
02/19 09:06:19 - mmengine - INFO - paramwise_options -- backbone.stage3.1.blocks.4.conv2.depthwise_conv.bn.bias:weight_decay=0.0
02/19 09:06:19 - mmengine - INFO - paramwise_options -- backbone.stage3.1.blocks.4.conv2.pointwise_conv.bn.weight:weight_decay=0.0
02/19 09:06:19 - mmengine - INFO - paramwise_options -- backbone.stage3.1.blocks.4.conv2.pointwise_conv.bn.bias:weight_decay=0.0
02/19 09:06:19 - mmengine - INFO - paramwise_options -- backbone.stage3.1.blocks.5.conv1.bn.weight:weight_decay=0.0
02/19 09:06:19 - mmengine - INFO - paramwise_options -- backbone.stage3.1.blocks.5.conv1.bn.bias:weight_decay=0.0
02/19 09:06:19 - mmengine - INFO - paramwise_options -- backbone.stage3.1.blocks.5.conv2.depthwise_conv.bn.weight:weight_decay=0.0
02/19 09:06:19 - mmengine - INFO - paramwise_options -- backbone.stage3.1.blocks.5.conv2.depthwise_conv.bn.bias:weight_decay=0.0
02/19 09:06:19 - mmengine - INFO - paramwise_options -- backbone.stage3.1.blocks.5.conv2.pointwise_conv.bn.weight:weight_decay=0.0
02/19 09:06:19 - mmengine - INFO - paramwise_options -- backbone.stage3.1.blocks.5.conv2.pointwise_conv.bn.bias:weight_decay=0.0
02/19 09:06:19 - mmengine - INFO - paramwise_options -- backbone.stage3.1.attention.fc.bias:weight_decay=0.0
02/19 09:06:19 - mmengine - INFO - paramwise_options -- backbone.stage4.0.bn.weight:weight_decay=0.0
02/19 09:06:19 - mmengine - INFO - paramwise_options -- backbone.stage4.0.bn.bias:weight_decay=0.0
02/19 09:06:19 - mmengine - INFO - paramwise_options -- backbone.stage4.1.conv1.bn.weight:weight_decay=0.0
02/19 09:06:19 - mmengine - INFO - paramwise_options -- backbone.stage4.1.conv1.bn.bias:weight_decay=0.0
02/19 09:06:19 - mmengine - INFO - paramwise_options -- backbone.stage4.1.conv2.bn.weight:weight_decay=0.0
02/19 09:06:19 - mmengine - INFO - paramwise_options -- backbone.stage4.1.conv2.bn.bias:weight_decay=0.0
02/19 09:06:19 - mmengine - INFO - paramwise_options -- backbone.stage4.2.main_conv.bn.weight:weight_decay=0.0
02/19 09:06:19 - mmengine - INFO - paramwise_options -- backbone.stage4.2.main_conv.bn.bias:weight_decay=0.0
02/19 09:06:19 - mmengine - INFO - paramwise_options -- backbone.stage4.2.short_conv.bn.weight:weight_decay=0.0
02/19 09:06:19 - mmengine - INFO - paramwise_options -- backbone.stage4.2.short_conv.bn.bias:weight_decay=0.0
02/19 09:06:19 - mmengine - INFO - paramwise_options -- backbone.stage4.2.final_conv.bn.weight:weight_decay=0.0
02/19 09:06:19 - mmengine - INFO - paramwise_options -- backbone.stage4.2.final_conv.bn.bias:weight_decay=0.0
02/19 09:06:19 - mmengine - INFO - paramwise_options -- backbone.stage4.2.blocks.0.conv1.bn.weight:weight_decay=0.0
02/19 09:06:19 - mmengine - INFO - paramwise_options -- backbone.stage4.2.blocks.0.conv1.bn.bias:weight_decay=0.0
02/19 09:06:19 - mmengine - INFO - paramwise_options -- backbone.stage4.2.blocks.0.conv2.depthwise_conv.bn.weight:weight_decay=0.0
02/19 09:06:19 - mmengine - INFO - paramwise_options -- backbone.stage4.2.blocks.0.conv2.depthwise_conv.bn.bias:weight_decay=0.0
02/19 09:06:19 - mmengine - INFO - paramwise_options -- backbone.stage4.2.blocks.0.conv2.pointwise_conv.bn.weight:weight_decay=0.0
02/19 09:06:19 - mmengine - INFO - paramwise_options -- backbone.stage4.2.blocks.0.conv2.pointwise_conv.bn.bias:weight_decay=0.0
02/19 09:06:19 - mmengine - INFO - paramwise_options -- backbone.stage4.2.blocks.1.conv1.bn.weight:weight_decay=0.0
02/19 09:06:19 - mmengine - INFO - paramwise_options -- backbone.stage4.2.blocks.1.conv1.bn.bias:weight_decay=0.0
02/19 09:06:19 - mmengine - INFO - paramwise_options -- backbone.stage4.2.blocks.1.conv2.depthwise_conv.bn.weight:weight_decay=0.0
02/19 09:06:19 - mmengine - INFO - paramwise_options -- backbone.stage4.2.blocks.1.conv2.depthwise_conv.bn.bias:weight_decay=0.0
02/19 09:06:19 - mmengine - INFO - paramwise_options -- backbone.stage4.2.blocks.1.conv2.pointwise_conv.bn.weight:weight_decay=0.0
02/19 09:06:19 - mmengine - INFO - paramwise_options -- backbone.stage4.2.blocks.1.conv2.pointwise_conv.bn.bias:weight_decay=0.0
02/19 09:06:19 - mmengine - INFO - paramwise_options -- backbone.stage4.2.blocks.2.conv1.bn.weight:weight_decay=0.0
02/19 09:06:19 - mmengine - INFO - paramwise_options -- backbone.stage4.2.blocks.2.conv1.bn.bias:weight_decay=0.0
02/19 09:06:19 - mmengine - INFO - paramwise_options -- backbone.stage4.2.blocks.2.conv2.depthwise_conv.bn.weight:weight_decay=0.0
02/19 09:06:19 - mmengine - INFO - paramwise_options -- backbone.stage4.2.blocks.2.conv2.depthwise_conv.bn.bias:weight_decay=0.0
02/19 09:06:19 - mmengine - INFO - paramwise_options -- backbone.stage4.2.blocks.2.conv2.pointwise_conv.bn.weight:weight_decay=0.0
02/19 09:06:19 - mmengine - INFO - paramwise_options -- backbone.stage4.2.blocks.2.conv2.pointwise_conv.bn.bias:weight_decay=0.0
02/19 09:06:19 - mmengine - INFO - paramwise_options -- backbone.stage4.2.attention.fc.bias:weight_decay=0.0
02/19 09:06:19 - mmengine - INFO - paramwise_options -- head.final_layer.bias:weight_decay=0.0
loading annotations into memory...
Done (t=4.95s)
creating index...
index created!
loading annotations into memory...
Done (t=11.28s)
creating index...
index created!
02/19 09:06:53 - mmengine - INFO - load backbone. in model from: https://download.openmmlab.com/mmpose/v1/projects/rtmposev1/cspnext-l_udp-aic-coco_210e-256x192-273b7631_20230130.pth
Loads checkpoint by http backend from path: https://download.openmmlab.com/mmpose/v1/projects/rtmposev1/cspnext-l_udp-aic-coco_210e-256x192-273b7631_20230130.pth
02/19 09:06:53 - mmengine - WARNING - "FileClient" will be deprecated in future. Please use io functions in https://mmengine.readthedocs.io/en/latest/api/fileio.html#file-io
02/19 09:06:53 - mmengine - WARNING - "HardDiskBackend" is the alias of "LocalBackend" and the former will be deprecated in future.
02/19 09:06:53 - mmengine - INFO - Checkpoints will be saved to /work/ToyotaHPE/rcatalini/EventRobotPose/mmpose/baselines/RTMPose.
/homes/rcatalini/.conda/envs/mmpose/lib/python3.8/site-packages/mmdet/models/layers/se_layer.py:158: FutureWarning: `torch.cuda.amp.autocast(args...)` is deprecated. Please use `torch.amp.autocast('cuda', args...)` instead.
  with torch.cuda.amp.autocast(enabled=False):
/homes/rcatalini/.conda/envs/mmpose/lib/python3.8/site-packages/mmdet/models/backbones/csp_darknet.py:118: FutureWarning: `torch.cuda.amp.autocast(args...)` is deprecated. Please use `torch.amp.autocast('cuda', args...)` instead.
  with torch.cuda.amp.autocast(enabled=False):
02/19 09:08:19 - mmengine - INFO - Epoch(train)  [1][   50/11654]  base_lr: 1.962342e-04 lr: 1.962342e-04  eta: 2 days, 7:39:26  time: 1.720036  data_time: 1.258077  memory: 7410  loss: 0.958089  loss_kpt: 0.958089  acc_pose: 0.403443
02/19 09:09:15 - mmengine - INFO - Epoch(train)  [1][  100/11654]  base_lr: 3.964324e-04 lr: 3.964324e-04  eta: 1 day, 21:48:52  time: 1.112889  data_time: 0.674191  memory: 7410  loss: 0.603938  loss_kpt: 0.603938  acc_pose: 0.792340
02/19 09:10:10 - mmengine - INFO - Epoch(train)  [1][  150/11654]  base_lr: 5.966306e-04 lr: 5.966306e-04  eta: 1 day, 18:29:25  time: 1.109828  data_time: 0.687840  memory: 7410  loss: 0.479239  loss_kpt: 0.479239  acc_pose: 0.865001
02/19 09:11:05 - mmengine - INFO - Epoch(train)  [1][  200/11654]  base_lr: 7.968288e-04 lr: 7.968288e-04  eta: 1 day, 16:43:29  time: 1.097976  data_time: 0.676367  memory: 7410  loss: 0.429632  loss_kpt: 0.429632  acc_pose: 0.857527
02/19 09:11:59 - mmengine - INFO - Epoch(train)  [1][  250/11654]  base_lr: 9.970270e-04 lr: 9.970270e-04  eta: 1 day, 15:26:17  time: 1.063749  data_time: 0.635957  memory: 7410  loss: 0.406798  loss_kpt: 0.406798  acc_pose: 0.885984
